1607097953587	mozrunner::runner	INFO	Running command: "/usr/bin/firefox" "-marionette" "-foreground" "-no-remote" "-profile" "/tmp/rust_mozprofileCjxXoa"
console.info: MINT: Trying to use the system region (based on LANG).
console.info: MINT: System region is US
console.warn: SearchSettings: "get: No settings file exists, new profile?" (new Error("", "(unknown module)"))
1607097958672	Marionette	INFO	Listening on port 41647
1607097958981	Marionette	WARN	TLS certificate errors will be ignored for this session
console.info: MINT: Loading search-config defaults.
JavaScript error: resource://gre/modules/TelemetryUtils.jsm, line 161: TypeError: date is undefined
1607097972872	Marionette	INFO	Stopped listening on port 41647
IPDL protocol error: Handler returned error code!

###!!! [Parent][DispatchAsyncMessage] Error: PLayerTransaction::Msg_ReleaseLayer Processing error: message was deserialized, but the handler returned false (indicating failure)

1607098812455	mozrunner::runner	INFO	Running command: "/usr/bin/firefox" "-marionette" "-foreground" "-no-remote" "-profile" "/tmp/rust_mozprofileKw5R19"
console.info: MINT: Trying to use the system region (based on LANG).
console.info: MINT: System region is US
console.warn: SearchSettings: "get: No settings file exists, new profile?" (new Error("", "(unknown module)"))
1607098815860	Marionette	INFO	Listening on port 45009
1607098815904	Marionette	WARN	TLS certificate errors will be ignored for this session
console.info: MINT: Loading search-config defaults.
JavaScript error: resource://gre/modules/TelemetryUtils.jsm, line 161: TypeError: date is undefined
1607098853046	mozrunner::runner	INFO	Running command: "/usr/bin/firefox" "-marionette" "-foreground" "-no-remote" "-profile" "/tmp/rust_mozprofilebYj4J4"
console.info: MINT: Trying to use the system region (based on LANG).
console.info: MINT: System region is US
console.warn: SearchSettings: "get: No settings file exists, new profile?" (new Error("", "(unknown module)"))
1607098856781	Marionette	INFO	Listening on port 38919
1607098856887	Marionette	WARN	TLS certificate errors will be ignored for this session
console.info: MINT: Loading search-config defaults.
JavaScript error: resource://gre/modules/TelemetryUtils.jsm, line 161: TypeError: date is undefined
1607098906550	mozrunner::runner	INFO	Running command: "/usr/bin/firefox" "-marionette" "-foreground" "-no-remote" "-profile" "/tmp/rust_mozprofileedtSxN"
console.info: MINT: Trying to use the system region (based on LANG).
console.info: MINT: System region is US
console.warn: SearchSettings: "get: No settings file exists, new profile?" (new Error("", "(unknown module)"))
1607098910955	Marionette	INFO	Listening on port 40837
1607098911023	Marionette	WARN	TLS certificate errors will be ignored for this session
console.info: MINT: Loading search-config defaults.
JavaScript error: resource://gre/modules/TelemetryUtils.jsm, line 161: TypeError: date is undefined
1607098921583	Marionette	INFO	Stopped listening on port 45009
1607098923631	Marionette	INFO	Stopped listening on port 38919
1607098957899	mozrunner::runner	INFO	Running command: "/usr/bin/firefox" "-marionette" "-foreground" "-no-remote" "-profile" "/tmp/rust_mozprofileulWTds"
console.info: MINT: Trying to use the system region (based on LANG).
console.info: MINT: System region is US
console.warn: SearchSettings: "get: No settings file exists, new profile?" (new Error("", "(unknown module)"))
1607098961975	Marionette	INFO	Listening on port 33095
1607098962046	Marionette	WARN	TLS certificate errors will be ignored for this session
IPDL protocol error: Handler returned error code!

###!!! [Parent][DispatchAsyncMessage] Error: PLayerTransaction::Msg_ReleaseLayer Processing error: message was deserialized, but the handler returned false (indicating failure)

console.info: MINT: Loading search-config defaults.
1607098964624	Marionette	INFO	Stopped listening on port 40837
JavaScript error: resource://gre/modules/TelemetryUtils.jsm, line 161: TypeError: date is undefined

###!!! [Parent][RunMessage] Error: Channel closing: too late to send/recv, messages will be lost

1607099171183	Marionette	INFO	Stopped listening on port 33095
1607102575242	mozrunner::runner	INFO	Running command: "/usr/bin/firefox" "-marionette" "-foreground" "-no-remote" "-profile" "/tmp/rust_mozprofileD1otUL"
console.info: MINT: Trying to use the system region (based on LANG).
console.info: MINT: System region is US
console.warn: SearchSettings: "get: No settings file exists, new profile?" (new Error("", "(unknown module)"))
1607102579477	Marionette	INFO	Listening on port 45901
1607102579590	Marionette	WARN	TLS certificate errors will be ignored for this session
console.info: MINT: Loading search-config defaults.
JavaScript error: resource://gre/modules/TelemetryUtils.jsm, line 161: TypeError: date is undefined

###!!! [Parent][RunMessage] Error: Channel closing: too late to send/recv, messages will be lost

1607102624110	Marionette	INFO	Stopped listening on port 45901
1607102624694	mozrunner::runner	INFO	Running command: "/usr/bin/firefox" "-marionette" "-foreground" "-no-remote" "-profile" "/tmp/rust_mozprofileMYB6Tj"
console.info: MINT: Trying to use the system region (based on LANG).
console.info: MINT: System region is US
console.warn: SearchSettings: "get: No settings file exists, new profile?" (new Error("", "(unknown module)"))
1607102628949	Marionette	INFO	Listening on port 46449
1607102629043	Marionette	WARN	TLS certificate errors will be ignored for this session
console.info: MINT: Loading search-config defaults.
JavaScript error: resource://gre/modules/TelemetryUtils.jsm, line 161: TypeError: date is undefined
1607102664463	Marionette	INFO	Stopped listening on port 46449
1607102664827	mozrunner::runner	INFO	Running command: "/usr/bin/firefox" "-marionette" "-foreground" "-no-remote" "-profile" "/tmp/rust_mozprofilerNulwT"
console.info: MINT: Trying to use the system region (based on LANG).
console.info: MINT: System region is US
console.warn: SearchSettings: "get: No settings file exists, new profile?" (new Error("", "(unknown module)"))
1607102669176	Marionette	INFO	Listening on port 38841
1607102669276	Marionette	WARN	TLS certificate errors will be ignored for this session
console.info: MINT: Loading search-config defaults.
JavaScript error: resource://gre/modules/TelemetryUtils.jsm, line 161: TypeError: date is undefined
console.info: MINT: main/search-config update being skipped
1607104082297	Marionette	INFO	Stopped listening on port 38841
1607104121043	mozrunner::runner	INFO	Running command: "/usr/bin/firefox" "-marionette" "-foreground" "-no-remote" "-profile" "/tmp/rust_mozprofileuKSM1O"
console.info: MINT: Trying to use the system region (based on LANG).
console.info: MINT: System region is US
console.warn: SearchSettings: "get: No settings file exists, new profile?" (new Error("", "(unknown module)"))
1607104129285	Marionette	INFO	Listening on port 41947
1607104129495	Marionette	WARN	TLS certificate errors will be ignored for this session
console.info: MINT: Loading search-config defaults.
JavaScript error: resource://gre/modules/TelemetryUtils.jsm, line 161: TypeError: date is undefined
Exiting due to channel error.
Exiting due to channel error.
Exiting due to channel error.
1607104481446	mozrunner::runner	INFO	Running command: "/usr/bin/firefox" "-marionette" "-foreground" "-no-remote" "-profile" "/tmp/rust_mozprofileTcn9M9"
console.info: MINT: Trying to use the system region (based on LANG).
console.info: MINT: System region is US
console.warn: SearchSettings: "get: No settings file exists, new profile?" (new Error("", "(unknown module)"))
1607104485402	Marionette	INFO	Listening on port 43275
1607104485490	Marionette	WARN	TLS certificate errors will be ignored for this session
console.info: MINT: Loading search-config defaults.
JavaScript error: resource://gre/modules/TelemetryUtils.jsm, line 161: TypeError: date is undefined
1607104548652	mozrunner::runner	INFO	Running command: "/usr/bin/firefox" "-marionette" "-foreground" "-no-remote" "-profile" "/tmp/rust_mozprofilewMJpCP"
console.info: MINT: Trying to use the system region (based on LANG).
console.info: MINT: System region is US
console.warn: SearchSettings: "get: No settings file exists, new profile?" (new Error("", "(unknown module)"))
1607104552263	Marionette	INFO	Listening on port 41747
1607104552392	Marionette	WARN	TLS certificate errors will be ignored for this session
console.info: MINT: Loading search-config defaults.
JavaScript error: resource://gre/modules/TelemetryUtils.jsm, line 161: TypeError: date is undefined
1607104564950	Marionette	INFO	Stopped listening on port 43275
Exiting due to channel error.
[GFX1-]: Receive IPC close with reason=AbnormalShutdown
Exiting due to channel error.
Exiting due to channel error.
1607104730732	mozrunner::runner	INFO	Running command: "/usr/bin/firefox" "-marionette" "-foreground" "-no-remote" "-profile" "/tmp/rust_mozprofileDfRvww"
console.info: MINT: Trying to use the system region (based on LANG).
console.info: MINT: System region is US
console.warn: SearchSettings: "get: No settings file exists, new profile?" (new Error("", "(unknown module)"))
1607104734531	Marionette	INFO	Listening on port 38599
1607104734572	Marionette	WARN	TLS certificate errors will be ignored for this session
console.info: MINT: Loading search-config defaults.
JavaScript error: resource://gre/modules/TelemetryUtils.jsm, line 161: TypeError: date is undefined
1607104847155	Marionette	INFO	Stopped listening on port 38599
IPDL protocol error: Handler returned error code!

###!!! [Parent][DispatchAsyncMessage] Error: PLayerTransaction::Msg_ReleaseLayer Processing error: message was deserialized, but the handler returned false (indicating failure)

IPDL protocol error: Handler returned error code!

###!!! [Parent][DispatchAsyncMessage] Error: PLayerTransaction::Msg_ReleaseLayer Processing error: message was deserialized, but the handler returned false (indicating failure)

1607104952215	mozrunner::runner	INFO	Running command: "/usr/bin/firefox" "-marionette" "-foreground" "-no-remote" "-profile" "/tmp/rust_mozprofileppaaMi"
console.info: MINT: Trying to use the system region (based on LANG).
console.info: MINT: System region is US
console.warn: SearchSettings: "get: No settings file exists, new profile?" (new Error("", "(unknown module)"))
1607104955898	Marionette	INFO	Listening on port 37445
1607104955963	Marionette	WARN	TLS certificate errors will be ignored for this session
console.info: MINT: Loading search-config defaults.
JavaScript error: resource://gre/modules/TelemetryUtils.jsm, line 161: TypeError: date is undefined
1607105056242	Marionette	INFO	Stopped listening on port 37445
IPDL protocol error: Handler returned error code!

###!!! [Parent][DispatchAsyncMessage] Error: PLayerTransaction::Msg_ReleaseLayer Processing error: message was deserialized, but the handler returned false (indicating failure)

IPDL protocol error: Handler returned error code!

###!!! [Parent][DispatchAsyncMessage] Error: PLayerTransaction::Msg_ReleaseLayer Processing error: message was deserialized, but the handler returned false (indicating failure)

IPDL protocol error: Handler returned error code!

###!!! [Parent][DispatchAsyncMessage] Error: PLayerTransaction::Msg_ReleaseLayer Processing error: message was deserialized, but the handler returned false (indicating failure)

IPDL protocol error: Handler returned error code!

###!!! [Parent][DispatchAsyncMessage] Error: PLayerTransaction::Msg_ReleaseLayer Processing error: message was deserialized, but the handler returned false (indicating failure)

1607105484771	mozrunner::runner	INFO	Running command: "/usr/bin/firefox" "-marionette" "-headless" "-foreground" "-no-remote" "-profile" "/tmp/rust_mozprofile4idqHe"
*** You are running in headless mode.
console.info: MINT: Trying to use the system region (based on LANG).
console.info: MINT: System region is US
console.warn: SearchSettings: "get: No settings file exists, new profile?" (new Error("", "(unknown module)"))
1607105488074	Marionette	INFO	Listening on port 46761
1607105488164	Marionette	WARN	TLS certificate errors will be ignored for this session
console.info: MINT: Loading search-config defaults.
JavaScript error: resource://gre/modules/TelemetryUtils.jsm, line 161: TypeError: date is undefined
1607105583392	Marionette	INFO	Stopped listening on port 46761

###!!! [Parent][RunMessage] Error: Channel closing: too late to send/recv, messages will be lost

1607106055912	mozrunner::runner	INFO	Running command: "/usr/bin/firefox" "-marionette" "-headless" "-foreground" "-no-remote" "-profile" "/tmp/rust_mozprofilehBAHNk"
*** You are running in headless mode.
console.info: MINT: Trying to use the system region (based on LANG).
console.info: MINT: System region is US
console.warn: SearchSettings: "get: No settings file exists, new profile?" (new Error("", "(unknown module)"))
1607106059181	Marionette	INFO	Listening on port 43715
1607106059266	Marionette	WARN	TLS certificate errors will be ignored for this session
console.info: MINT: Loading search-config defaults.
JavaScript error: resource://gre/modules/TelemetryUtils.jsm, line 161: TypeError: date is undefined
1607106157209	Marionette	INFO	Stopped listening on port 43715
1607107398533	mozrunner::runner	INFO	Running command: "/usr/bin/firefox" "-marionette" "-headless" "-foreground" "-no-remote" "-profile" "/tmp/rust_mozprofile6m4k6X"
*** You are running in headless mode.
console.info: MINT: Trying to use the system region (based on LANG).
console.info: MINT: System region is US
console.warn: SearchSettings: "get: No settings file exists, new profile?" (new Error("", "(unknown module)"))
1607107402005	Marionette	INFO	Listening on port 34985
1607107402077	Marionette	WARN	TLS certificate errors will be ignored for this session
console.info: MINT: Loading search-config defaults.
JavaScript error: resource://gre/modules/TelemetryUtils.jsm, line 161: TypeError: date is undefined
1607107413827	Marionette	INFO	Stopped listening on port 34985

###!!! [Parent][RunMessage] Error: Channel closing: too late to send/recv, messages will be lost


###!!! [Parent][RunMessage] Error: Channel closing: too late to send/recv, messages will be lost


###!!! [Parent][RunMessage] Error: Channel closing: too late to send/recv, messages will be lost


###!!! [Parent][RunMessage] Error: Channel closing: too late to send/recv, messages will be lost


###!!! [Parent][RunMessage] Error: Channel closing: too late to send/recv, messages will be lost

1607107415707	mozrunner::runner	INFO	Running command: "/usr/bin/firefox" "-marionette" "-headless" "-foreground" "-no-remote" "-profile" "/tmp/rust_mozprofileiXj2um"
*** You are running in headless mode.
console.info: MINT: Trying to use the system region (based on LANG).
console.info: MINT: System region is US
console.warn: SearchSettings: "get: No settings file exists, new profile?" (new Error("", "(unknown module)"))
1607107419121	Marionette	INFO	Listening on port 42821
1607107419247	Marionette	WARN	TLS certificate errors will be ignored for this session
console.info: MINT: Loading search-config defaults.
JavaScript error: resource://gre/modules/TelemetryUtils.jsm, line 161: TypeError: date is undefined
1607107442807	Marionette	INFO	Stopped listening on port 42821
1607107445345	mozrunner::runner	INFO	Running command: "/usr/bin/firefox" "-marionette" "-headless" "-foreground" "-no-remote" "-profile" "/tmp/rust_mozprofileFt7fXT"
*** You are running in headless mode.
console.info: MINT: Trying to use the system region (based on LANG).
console.info: MINT: System region is US
console.warn: SearchSettings: "get: No settings file exists, new profile?" (new Error("", "(unknown module)"))
1607107449822	Marionette	INFO	Listening on port 43211
1607107449906	Marionette	WARN	TLS certificate errors will be ignored for this session
console.info: MINT: Loading search-config defaults.
JavaScript error: resource://gre/modules/TelemetryUtils.jsm, line 161: TypeError: date is undefined
1607107707029	Marionette	INFO	Stopped listening on port 43211
1607107708926	mozrunner::runner	INFO	Running command: "/usr/bin/firefox" "-marionette" "-headless" "-foreground" "-no-remote" "-profile" "/tmp/rust_mozprofileyiN54v"
*** You are running in headless mode.
console.info: MINT: Trying to use the system region (based on LANG).
console.info: MINT: System region is US
console.warn: SearchSettings: "get: No settings file exists, new profile?" (new Error("", "(unknown module)"))
1607107712088	Marionette	INFO	Listening on port 43615
1607107712171	Marionette	WARN	TLS certificate errors will be ignored for this session
console.info: MINT: Loading search-config defaults.
JavaScript error: resource://gre/modules/TelemetryUtils.jsm, line 161: TypeError: date is undefined
1607107733230	Marionette	INFO	Stopped listening on port 43615

###!!! [Parent][RunMessage] Error: Channel closing: too late to send/recv, messages will be lost

1607107735098	mozrunner::runner	INFO	Running command: "/usr/bin/firefox" "-marionette" "-headless" "-foreground" "-no-remote" "-profile" "/tmp/rust_mozprofileczokK5"
*** You are running in headless mode.
console.info: MINT: Trying to use the system region (based on LANG).
console.info: MINT: System region is US
console.warn: SearchSettings: "get: No settings file exists, new profile?" (new Error("", "(unknown module)"))
1607107738314	Marionette	INFO	Listening on port 36657
1607107738442	Marionette	WARN	TLS certificate errors will be ignored for this session
console.info: MINT: Loading search-config defaults.
JavaScript error: resource://gre/modules/TelemetryUtils.jsm, line 161: TypeError: date is undefined
1607107753527	Marionette	INFO	Stopped listening on port 36657
1607107755400	mozrunner::runner	INFO	Running command: "/usr/bin/firefox" "-marionette" "-headless" "-foreground" "-no-remote" "-profile" "/tmp/rust_mozprofileCw10Dt"
*** You are running in headless mode.
console.info: MINT: Trying to use the system region (based on LANG).
console.info: MINT: System region is US
console.warn: SearchSettings: "get: No settings file exists, new profile?" (new Error("", "(unknown module)"))
1607107758451	Marionette	INFO	Listening on port 39291
1607107758551	Marionette	WARN	TLS certificate errors will be ignored for this session
console.info: MINT: Loading search-config defaults.
JavaScript error: resource://gre/modules/TelemetryUtils.jsm, line 161: TypeError: date is undefined
1607107782535	Marionette	INFO	Stopped listening on port 39291

###!!! [Parent][RunMessage] Error: Channel closing: too late to send/recv, messages will be lost

1607107784529	mozrunner::runner	INFO	Running command: "/usr/bin/firefox" "-marionette" "-headless" "-foreground" "-no-remote" "-profile" "/tmp/rust_mozprofileuimI24"
*** You are running in headless mode.
console.info: MINT: Trying to use the system region (based on LANG).
console.info: MINT: System region is US
console.warn: SearchSettings: "get: No settings file exists, new profile?" (new Error("", "(unknown module)"))
1607107788212	Marionette	INFO	Listening on port 38795
1607107788268	Marionette	WARN	TLS certificate errors will be ignored for this session
console.info: MINT: Loading search-config defaults.
JavaScript error: resource://gre/modules/TelemetryUtils.jsm, line 161: TypeError: date is undefined
1607108127474	Marionette	INFO	Stopped listening on port 38795
1607108129934	mozrunner::runner	INFO	Running command: "/usr/bin/firefox" "-marionette" "-headless" "-foreground" "-no-remote" "-profile" "/tmp/rust_mozprofilez2Vzmp"
*** You are running in headless mode.
console.info: MINT: Trying to use the system region (based on LANG).
console.info: MINT: System region is US
console.warn: SearchSettings: "get: No settings file exists, new profile?" (new Error("", "(unknown module)"))
1607108135271	Marionette	INFO	Listening on port 44311
1607108135382	Marionette	WARN	TLS certificate errors will be ignored for this session
console.info: MINT: Loading search-config defaults.
JavaScript error: resource://gre/modules/TelemetryUtils.jsm, line 161: TypeError: date is undefined
1607108155019	Marionette	INFO	Stopped listening on port 44311

###!!! [Parent][RunMessage] Error: Channel closing: too late to send/recv, messages will be lost

1607108156998	mozrunner::runner	INFO	Running command: "/usr/bin/firefox" "-marionette" "-headless" "-foreground" "-no-remote" "-profile" "/tmp/rust_mozprofileRpSSyO"
*** You are running in headless mode.
console.info: MINT: Trying to use the system region (based on LANG).
console.info: MINT: System region is US
console.warn: SearchSettings: "get: No settings file exists, new profile?" (new Error("", "(unknown module)"))
1607108161061	Marionette	INFO	Listening on port 44915
1607108161140	Marionette	WARN	TLS certificate errors will be ignored for this session
console.info: MINT: Loading search-config defaults.
JavaScript error: resource://gre/modules/TelemetryUtils.jsm, line 161: TypeError: date is undefined
1607108181686	Marionette	INFO	Stopped listening on port 44915

###!!! [Parent][RunMessage] Error: Channel closing: too late to send/recv, messages will be lost


###!!! [Parent][RunMessage] Error: Channel closing: too late to send/recv, messages will be lost


###!!! [Parent][RunMessage] Error: Channel closing: too late to send/recv, messages will be lost

JavaScript error: , line 0: TypeError: NetworkError when attempting to fetch resource.
1607108183611	mozrunner::runner	INFO	Running command: "/usr/bin/firefox" "-marionette" "-headless" "-foreground" "-no-remote" "-profile" "/tmp/rust_mozprofileZY7S9O"
*** You are running in headless mode.
console.info: MINT: Trying to use the system region (based on LANG).
console.info: MINT: System region is US
console.warn: SearchSettings: "get: No settings file exists, new profile?" (new Error("", "(unknown module)"))
1607108186829	Marionette	INFO	Listening on port 39225
1607108186977	Marionette	WARN	TLS certificate errors will be ignored for this session
console.info: MINT: Loading search-config defaults.
JavaScript error: resource://gre/modules/TelemetryUtils.jsm, line 161: TypeError: date is undefined
1607108371642	Marionette	INFO	Stopped listening on port 39225
1607108373559	mozrunner::runner	INFO	Running command: "/usr/bin/firefox" "-marionette" "-headless" "-foreground" "-no-remote" "-profile" "/tmp/rust_mozprofile3VmS5f"
*** You are running in headless mode.
console.info: MINT: Trying to use the system region (based on LANG).
console.info: MINT: System region is US
console.warn: SearchSettings: "get: No settings file exists, new profile?" (new Error("", "(unknown module)"))
1607108376995	Marionette	INFO	Listening on port 45383
1607108377108	Marionette	WARN	TLS certificate errors will be ignored for this session
console.info: MINT: Loading search-config defaults.
JavaScript error: resource://gre/modules/TelemetryUtils.jsm, line 161: TypeError: date is undefined
1607108400816	Marionette	INFO	Stopped listening on port 45383

###!!! [Parent][RunMessage] Error: Channel closing: too late to send/recv, messages will be lost

1607108402801	mozrunner::runner	INFO	Running command: "/usr/bin/firefox" "-marionette" "-headless" "-foreground" "-no-remote" "-profile" "/tmp/rust_mozprofilecQXJX1"
*** You are running in headless mode.
console.info: MINT: Trying to use the system region (based on LANG).
console.info: MINT: System region is US
console.warn: SearchSettings: "get: No settings file exists, new profile?" (new Error("", "(unknown module)"))
1607108408162	Marionette	INFO	Listening on port 35283
1607108408323	Marionette	WARN	TLS certificate errors will be ignored for this session
console.info: MINT: Loading search-config defaults.
JavaScript error: resource://gre/modules/TelemetryUtils.jsm, line 161: TypeError: date is undefined
1607108423913	Marionette	INFO	Stopped listening on port 35283
1607108425917	mozrunner::runner	INFO	Running command: "/usr/bin/firefox" "-marionette" "-headless" "-foreground" "-no-remote" "-profile" "/tmp/rust_mozprofileoMUMVS"
*** You are running in headless mode.
console.info: MINT: Trying to use the system region (based on LANG).
console.info: MINT: System region is US
console.warn: SearchSettings: "get: No settings file exists, new profile?" (new Error("", "(unknown module)"))
1607108429264	Marionette	INFO	Listening on port 44497
1607108429359	Marionette	WARN	TLS certificate errors will be ignored for this session
console.info: MINT: Loading search-config defaults.
JavaScript error: resource://gre/modules/TelemetryUtils.jsm, line 161: TypeError: date is undefined
1607108454999	Marionette	INFO	Stopped listening on port 44497
1607108456882	mozrunner::runner	INFO	Running command: "/usr/bin/firefox" "-marionette" "-headless" "-foreground" "-no-remote" "-profile" "/tmp/rust_mozprofilerQSqzo"
*** You are running in headless mode.
console.info: MINT: Trying to use the system region (based on LANG).
console.info: MINT: System region is US
console.warn: SearchSettings: "get: No settings file exists, new profile?" (new Error("", "(unknown module)"))
1607108460151	Marionette	INFO	Listening on port 42317
1607108460234	Marionette	WARN	TLS certificate errors will be ignored for this session
console.info: MINT: Loading search-config defaults.
JavaScript error: resource://gre/modules/TelemetryUtils.jsm, line 161: TypeError: date is undefined
1607108482689	Marionette	INFO	Stopped listening on port 42317

###!!! [Parent][RunMessage] Error: Channel closing: too late to send/recv, messages will be lost

1607108484760	mozrunner::runner	INFO	Running command: "/usr/bin/firefox" "-marionette" "-headless" "-foreground" "-no-remote" "-profile" "/tmp/rust_mozprofileM4HWyN"
*** You are running in headless mode.
console.info: MINT: Trying to use the system region (based on LANG).
console.info: MINT: System region is US
console.warn: SearchSettings: "get: No settings file exists, new profile?" (new Error("", "(unknown module)"))
1607108487900	Marionette	INFO	Listening on port 40337
1607108488008	Marionette	WARN	TLS certificate errors will be ignored for this session
console.info: MINT: Loading search-config defaults.
JavaScript error: resource://gre/modules/TelemetryUtils.jsm, line 161: TypeError: date is undefined
1607108507648	Marionette	INFO	Stopped listening on port 40337
1607108509608	mozrunner::runner	INFO	Running command: "/usr/bin/firefox" "-marionette" "-headless" "-foreground" "-no-remote" "-profile" "/tmp/rust_mozprofileu2UhtT"
*** You are running in headless mode.
console.info: MINT: Trying to use the system region (based on LANG).
console.info: MINT: System region is US
console.warn: SearchSettings: "get: No settings file exists, new profile?" (new Error("", "(unknown module)"))
1607108513413	Marionette	INFO	Listening on port 43773
1607108513455	Marionette	WARN	TLS certificate errors will be ignored for this session
console.info: MINT: Loading search-config defaults.
JavaScript error: resource://gre/modules/TelemetryUtils.jsm, line 161: TypeError: date is undefined
1607108526824	Marionette	INFO	Stopped listening on port 43773
JavaScript error: resource://gre/modules/UrlClassifierListManager.jsm, line 691: TypeError: this.tablesData[table] is undefined
JavaScript error: , line 0: TypeError: NetworkError when attempting to fetch resource.
1607108528825	mozrunner::runner	INFO	Running command: "/usr/bin/firefox" "-marionette" "-headless" "-foreground" "-no-remote" "-profile" "/tmp/rust_mozprofileQYfSmk"
*** You are running in headless mode.
console.info: MINT: Trying to use the system region (based on LANG).
console.info: MINT: System region is US
console.warn: SearchSettings: "get: No settings file exists, new profile?" (new Error("", "(unknown module)"))
1607108532630	Marionette	INFO	Listening on port 33593
1607108532680	Marionette	WARN	TLS certificate errors will be ignored for this session
console.info: MINT: Loading search-config defaults.
JavaScript error: resource://gre/modules/TelemetryUtils.jsm, line 161: TypeError: date is undefined
1607108546970	Marionette	INFO	Stopped listening on port 33593
JavaScript error: , line 0: TypeError: NetworkError when attempting to fetch resource.
1607108548873	mozrunner::runner	INFO	Running command: "/usr/bin/firefox" "-marionette" "-headless" "-foreground" "-no-remote" "-profile" "/tmp/rust_mozprofileSFFozY"
*** You are running in headless mode.
console.info: MINT: Trying to use the system region (based on LANG).
console.info: MINT: System region is US
console.warn: SearchSettings: "get: No settings file exists, new profile?" (new Error("", "(unknown module)"))
1607108552154	Marionette	INFO	Listening on port 44569
1607108552216	Marionette	WARN	TLS certificate errors will be ignored for this session
console.info: MINT: Loading search-config defaults.
JavaScript error: resource://gre/modules/TelemetryUtils.jsm, line 161: TypeError: date is undefined
1607108598748	Marionette	INFO	Stopped listening on port 44569

###!!! [Parent][RunMessage] Error: Channel closing: too late to send/recv, messages will be lost

1607108603114	mozrunner::runner	INFO	Running command: "/usr/bin/firefox" "-marionette" "-headless" "-foreground" "-no-remote" "-profile" "/tmp/rust_mozprofileICVVdD"
*** You are running in headless mode.
console.info: MINT: Trying to use the system region (based on LANG).
console.info: MINT: System region is US
console.warn: SearchSettings: "get: No settings file exists, new profile?" (new Error("", "(unknown module)"))
1607108606457	Marionette	INFO	Listening on port 40243
1607108606567	Marionette	WARN	TLS certificate errors will be ignored for this session
console.info: MINT: Loading search-config defaults.
JavaScript error: resource://gre/modules/TelemetryUtils.jsm, line 161: TypeError: date is undefined
1607108773410	Marionette	INFO	Stopped listening on port 40243
1607108775620	mozrunner::runner	INFO	Running command: "/usr/bin/firefox" "-marionette" "-headless" "-foreground" "-no-remote" "-profile" "/tmp/rust_mozprofileVLlFD8"
*** You are running in headless mode.
console.info: MINT: Trying to use the system region (based on LANG).
console.info: MINT: System region is US
console.warn: SearchSettings: "get: No settings file exists, new profile?" (new Error("", "(unknown module)"))
1607108779601	Marionette	INFO	Listening on port 33653
1607108779668	Marionette	WARN	TLS certificate errors will be ignored for this session
console.info: MINT: Loading search-config defaults.
JavaScript error: resource://gre/modules/TelemetryUtils.jsm, line 161: TypeError: date is undefined
1607108801268	Marionette	INFO	Stopped listening on port 33653
1607108803209	mozrunner::runner	INFO	Running command: "/usr/bin/firefox" "-marionette" "-headless" "-foreground" "-no-remote" "-profile" "/tmp/rust_mozprofileHOK2pz"
*** You are running in headless mode.
console.info: MINT: Trying to use the system region (based on LANG).
console.info: MINT: System region is US
console.warn: SearchSettings: "get: No settings file exists, new profile?" (new Error("", "(unknown module)"))
1607108806662	Marionette	INFO	Listening on port 36181
1607108806747	Marionette	WARN	TLS certificate errors will be ignored for this session
console.info: MINT: Loading search-config defaults.
JavaScript error: resource://gre/modules/TelemetryUtils.jsm, line 161: TypeError: date is undefined
1607108830883	Marionette	INFO	Stopped listening on port 36181

###!!! [Parent][RunMessage] Error: Channel closing: too late to send/recv, messages will be lost

1607108832747	mozrunner::runner	INFO	Running command: "/usr/bin/firefox" "-marionette" "-headless" "-foreground" "-no-remote" "-profile" "/tmp/rust_mozprofilevuI5df"
*** You are running in headless mode.
console.info: MINT: Trying to use the system region (based on LANG).
console.info: MINT: System region is US
console.warn: SearchSettings: "get: No settings file exists, new profile?" (new Error("", "(unknown module)"))
1607108836089	Marionette	INFO	Listening on port 35749
1607108836213	Marionette	WARN	TLS certificate errors will be ignored for this session
console.info: MINT: Loading search-config defaults.
JavaScript error: resource://gre/modules/TelemetryUtils.jsm, line 161: TypeError: date is undefined
1607108870146	Marionette	INFO	Stopped listening on port 35749
1607108872311	mozrunner::runner	INFO	Running command: "/usr/bin/firefox" "-marionette" "-headless" "-foreground" "-no-remote" "-profile" "/tmp/rust_mozprofilepXckfJ"
*** You are running in headless mode.
console.info: MINT: Trying to use the system region (based on LANG).
console.info: MINT: System region is US
console.warn: SearchSettings: "get: No settings file exists, new profile?" (new Error("", "(unknown module)"))
1607108876092	Marionette	INFO	Listening on port 40349
1607108876177	Marionette	WARN	TLS certificate errors will be ignored for this session
console.info: MINT: Loading search-config defaults.
JavaScript error: resource://gre/modules/TelemetryUtils.jsm, line 161: TypeError: date is undefined
1607108917451	Marionette	INFO	Stopped listening on port 40349

###!!! [Parent][RunMessage] Error: Channel closing: too late to send/recv, messages will be lost

1607108919720	mozrunner::runner	INFO	Running command: "/usr/bin/firefox" "-marionette" "-headless" "-foreground" "-no-remote" "-profile" "/tmp/rust_mozprofileCuw6OG"
*** You are running in headless mode.
console.info: MINT: Trying to use the system region (based on LANG).
console.info: MINT: System region is US
console.warn: SearchSettings: "get: No settings file exists, new profile?" (new Error("", "(unknown module)"))
1607108923338	Marionette	INFO	Listening on port 39575
1607108923481	Marionette	WARN	TLS certificate errors will be ignored for this session
console.info: MINT: Loading search-config defaults.
JavaScript error: resource://gre/modules/TelemetryUtils.jsm, line 161: TypeError: date is undefined
1607108950489	Marionette	INFO	Stopped listening on port 39575
1607108952460	mozrunner::runner	INFO	Running command: "/usr/bin/firefox" "-marionette" "-headless" "-foreground" "-no-remote" "-profile" "/tmp/rust_mozprofileexvhYj"
*** You are running in headless mode.
console.info: MINT: Trying to use the system region (based on LANG).
console.info: MINT: System region is US
console.warn: SearchSettings: "get: No settings file exists, new profile?" (new Error("", "(unknown module)"))
1607108955877	Marionette	INFO	Listening on port 39423
1607108956017	Marionette	WARN	TLS certificate errors will be ignored for this session
console.info: MINT: Loading search-config defaults.
JavaScript error: resource://gre/modules/TelemetryUtils.jsm, line 161: TypeError: date is undefined
1607108972940	Marionette	INFO	Stopped listening on port 39423
1607108975460	mozrunner::runner	INFO	Running command: "/usr/bin/firefox" "-marionette" "-headless" "-foreground" "-no-remote" "-profile" "/tmp/rust_mozprofileny3uUs"
*** You are running in headless mode.
console.info: MINT: Trying to use the system region (based on LANG).
console.info: MINT: System region is US
console.warn: SearchSettings: "get: No settings file exists, new profile?" (new Error("", "(unknown module)"))
1607108979814	Marionette	INFO	Listening on port 46319
1607108979936	Marionette	WARN	TLS certificate errors will be ignored for this session
console.info: MINT: Loading search-config defaults.
JavaScript error: resource://gre/modules/TelemetryUtils.jsm, line 161: TypeError: date is undefined
1607108998441	Marionette	INFO	Stopped listening on port 46319
1607109000328	mozrunner::runner	INFO	Running command: "/usr/bin/firefox" "-marionette" "-headless" "-foreground" "-no-remote" "-profile" "/tmp/rust_mozprofileZHtCig"
*** You are running in headless mode.
console.info: MINT: Trying to use the system region (based on LANG).
console.info: MINT: System region is US
console.warn: SearchSettings: "get: No settings file exists, new profile?" (new Error("", "(unknown module)"))
1607109003700	Marionette	INFO	Listening on port 40075
1607109003781	Marionette	WARN	TLS certificate errors will be ignored for this session
console.info: MINT: Loading search-config defaults.
JavaScript error: resource://gre/modules/TelemetryUtils.jsm, line 161: TypeError: date is undefined
1607109016606	Marionette	INFO	Stopped listening on port 40075
1607109018628	mozrunner::runner	INFO	Running command: "/usr/bin/firefox" "-marionette" "-headless" "-foreground" "-no-remote" "-profile" "/tmp/rust_mozprofilejl3okh"
*** You are running in headless mode.
console.info: MINT: Trying to use the system region (based on LANG).
console.info: MINT: System region is US
console.warn: SearchSettings: "get: No settings file exists, new profile?" (new Error("", "(unknown module)"))
1607109021989	Marionette	INFO	Listening on port 41181
1607109022085	Marionette	WARN	TLS certificate errors will be ignored for this session
console.info: MINT: Loading search-config defaults.
JavaScript error: resource://gre/modules/TelemetryUtils.jsm, line 161: TypeError: date is undefined
1607109034057	Marionette	INFO	Stopped listening on port 41181
1607109035942	mozrunner::runner	INFO	Running command: "/usr/bin/firefox" "-marionette" "-headless" "-foreground" "-no-remote" "-profile" "/tmp/rust_mozprofileO44xyj"
*** You are running in headless mode.
console.info: MINT: Trying to use the system region (based on LANG).
console.info: MINT: System region is US
console.warn: SearchSettings: "get: No settings file exists, new profile?" (new Error("", "(unknown module)"))
1607109039735	Marionette	INFO	Listening on port 44739
1607109039789	Marionette	WARN	TLS certificate errors will be ignored for this session
console.info: MINT: Loading search-config defaults.
JavaScript error: resource://gre/modules/TelemetryUtils.jsm, line 161: TypeError: date is undefined
1607109083856	Marionette	INFO	Stopped listening on port 44739

###!!! [Parent][RunMessage] Error: Channel closing: too late to send/recv, messages will be lost

1607109085815	mozrunner::runner	INFO	Running command: "/usr/bin/firefox" "-marionette" "-headless" "-foreground" "-no-remote" "-profile" "/tmp/rust_mozprofile6xrSwt"
*** You are running in headless mode.
console.info: MINT: Trying to use the system region (based on LANG).
console.info: MINT: System region is US
console.warn: SearchSettings: "get: No settings file exists, new profile?" (new Error("", "(unknown module)"))
1607109089431	Marionette	INFO	Listening on port 43565
1607109089562	Marionette	WARN	TLS certificate errors will be ignored for this session
console.info: MINT: Loading search-config defaults.
JavaScript error: resource://gre/modules/TelemetryUtils.jsm, line 161: TypeError: date is undefined
1607109103118	Marionette	INFO	Stopped listening on port 43565
1607109105002	mozrunner::runner	INFO	Running command: "/usr/bin/firefox" "-marionette" "-headless" "-foreground" "-no-remote" "-profile" "/tmp/rust_mozprofilej8KZav"
*** You are running in headless mode.
console.info: MINT: Trying to use the system region (based on LANG).
console.info: MINT: System region is US
console.warn: SearchSettings: "get: No settings file exists, new profile?" (new Error("", "(unknown module)"))
1607109108279	Marionette	INFO	Listening on port 33363
1607109108347	Marionette	WARN	TLS certificate errors will be ignored for this session
console.info: MINT: Loading search-config defaults.
JavaScript error: resource://gre/modules/TelemetryUtils.jsm, line 161: TypeError: date is undefined
1607109120382	Marionette	INFO	Stopped listening on port 33363

###!!! [Parent][RunMessage] Error: Channel closing: too late to send/recv, messages will be lost


###!!! [Parent][RunMessage] Error: Channel closing: too late to send/recv, messages will be lost


###!!! [Parent][RunMessage] Error: Channel closing: too late to send/recv, messages will be lost


###!!! [Parent][RunMessage] Error: Channel closing: too late to send/recv, messages will be lost

1607109122250	mozrunner::runner	INFO	Running command: "/usr/bin/firefox" "-marionette" "-headless" "-foreground" "-no-remote" "-profile" "/tmp/rust_mozprofileltfnK6"
*** You are running in headless mode.
console.info: MINT: Trying to use the system region (based on LANG).
console.info: MINT: System region is US
console.warn: SearchSettings: "get: No settings file exists, new profile?" (new Error("", "(unknown module)"))
1607109126697	Marionette	INFO	Listening on port 36537
1607109126803	Marionette	WARN	TLS certificate errors will be ignored for this session
console.info: MINT: Loading search-config defaults.
JavaScript error: resource://gre/modules/TelemetryUtils.jsm, line 161: TypeError: date is undefined
1607109146883	Marionette	INFO	Stopped listening on port 36537

###!!! [Parent][RunMessage] Error: Channel closing: too late to send/recv, messages will be lost


###!!! [Parent][RunMessage] Error: Channel closing: too late to send/recv, messages will be lost


###!!! [Parent][RunMessage] Error: Channel closing: too late to send/recv, messages will be lost


###!!! [Parent][RunMessage] Error: Channel closing: too late to send/recv, messages will be lost


###!!! [Parent][RunMessage] Error: Channel closing: too late to send/recv, messages will be lost

1607109148805	mozrunner::runner	INFO	Running command: "/usr/bin/firefox" "-marionette" "-headless" "-foreground" "-no-remote" "-profile" "/tmp/rust_mozprofileOH0qSg"
*** You are running in headless mode.
console.info: MINT: Trying to use the system region (based on LANG).
console.info: MINT: System region is US
console.warn: SearchSettings: "get: No settings file exists, new profile?" (new Error("", "(unknown module)"))
1607109153612	Marionette	INFO	Listening on port 36213
1607109153878	Marionette	WARN	TLS certificate errors will be ignored for this session
console.info: MINT: Loading search-config defaults.
JavaScript error: resource://gre/modules/TelemetryUtils.jsm, line 161: TypeError: date is undefined
1607109185553	Marionette	INFO	Stopped listening on port 36213
1607109187453	mozrunner::runner	INFO	Running command: "/usr/bin/firefox" "-marionette" "-headless" "-foreground" "-no-remote" "-profile" "/tmp/rust_mozprofile7kIu5m"
*** You are running in headless mode.
console.info: MINT: Trying to use the system region (based on LANG).
console.info: MINT: System region is US
console.warn: SearchSettings: "get: No settings file exists, new profile?" (new Error("", "(unknown module)"))
1607109190719	Marionette	INFO	Listening on port 40781
1607109190803	Marionette	WARN	TLS certificate errors will be ignored for this session
console.info: MINT: Loading search-config defaults.
JavaScript error: resource://gre/modules/TelemetryUtils.jsm, line 161: TypeError: date is undefined
1607109206224	Marionette	INFO	Stopped listening on port 40781
1607109208203	mozrunner::runner	INFO	Running command: "/usr/bin/firefox" "-marionette" "-headless" "-foreground" "-no-remote" "-profile" "/tmp/rust_mozprofile143tlF"
*** You are running in headless mode.
console.info: MINT: Trying to use the system region (based on LANG).
console.info: MINT: System region is US
console.warn: SearchSettings: "get: No settings file exists, new profile?" (new Error("", "(unknown module)"))
1607109211581	Marionette	INFO	Listening on port 37105
1607109211701	Marionette	WARN	TLS certificate errors will be ignored for this session
console.info: MINT: Loading search-config defaults.
JavaScript error: resource://gre/modules/TelemetryUtils.jsm, line 161: TypeError: date is undefined
1607109240084	Marionette	INFO	Stopped listening on port 37105

###!!! [Parent][RunMessage] Error: Channel closing: too late to send/recv, messages will be lost

1607109242078	mozrunner::runner	INFO	Running command: "/usr/bin/firefox" "-marionette" "-headless" "-foreground" "-no-remote" "-profile" "/tmp/rust_mozprofileuuHGeI"
*** You are running in headless mode.
console.info: MINT: Trying to use the system region (based on LANG).
console.info: MINT: System region is US
console.warn: SearchSettings: "get: No settings file exists, new profile?" (new Error("", "(unknown module)"))
1607109245527	Marionette	INFO	Listening on port 34269
1607109245625	Marionette	WARN	TLS certificate errors will be ignored for this session
console.info: MINT: Loading search-config defaults.
JavaScript error: resource://gre/modules/TelemetryUtils.jsm, line 161: TypeError: date is undefined
1607109262032	Marionette	INFO	Stopped listening on port 34269
1607109264046	mozrunner::runner	INFO	Running command: "/usr/bin/firefox" "-marionette" "-headless" "-foreground" "-no-remote" "-profile" "/tmp/rust_mozprofilenXVjXf"
*** You are running in headless mode.
console.info: MINT: Trying to use the system region (based on LANG).
console.info: MINT: System region is US
console.warn: SearchSettings: "get: No settings file exists, new profile?" (new Error("", "(unknown module)"))
1607109267919	Marionette	INFO	Listening on port 42035
1607109268904	Marionette	WARN	TLS certificate errors will be ignored for this session
console.info: MINT: Loading search-config defaults.
JavaScript error: resource://gre/modules/TelemetryUtils.jsm, line 161: TypeError: date is undefined
1607109294780	Marionette	INFO	Stopped listening on port 42035
1607109296679	mozrunner::runner	INFO	Running command: "/usr/bin/firefox" "-marionette" "-headless" "-foreground" "-no-remote" "-profile" "/tmp/rust_mozprofileJ5nXKn"
*** You are running in headless mode.
console.info: MINT: Trying to use the system region (based on LANG).
console.info: MINT: System region is US
console.warn: SearchSettings: "get: No settings file exists, new profile?" (new Error("", "(unknown module)"))
1607109299959	Marionette	INFO	Listening on port 33821
1607109300024	Marionette	WARN	TLS certificate errors will be ignored for this session
console.info: MINT: Loading search-config defaults.
JavaScript error: resource://gre/modules/TelemetryUtils.jsm, line 161: TypeError: date is undefined
1607109331753	Marionette	INFO	Stopped listening on port 33821
1607109333648	mozrunner::runner	INFO	Running command: "/usr/bin/firefox" "-marionette" "-headless" "-foreground" "-no-remote" "-profile" "/tmp/rust_mozprofileSs4sqH"
*** You are running in headless mode.
console.info: MINT: Trying to use the system region (based on LANG).
console.info: MINT: System region is US
console.warn: SearchSettings: "get: No settings file exists, new profile?" (new Error("", "(unknown module)"))
1607109337273	Marionette	INFO	Listening on port 39497
1607109337404	Marionette	WARN	TLS certificate errors will be ignored for this session
console.info: MINT: Loading search-config defaults.
JavaScript error: resource://gre/modules/TelemetryUtils.jsm, line 161: TypeError: date is undefined
1607109352889	Marionette	INFO	Stopped listening on port 39497
1607109354929	mozrunner::runner	INFO	Running command: "/usr/bin/firefox" "-marionette" "-headless" "-foreground" "-no-remote" "-profile" "/tmp/rust_mozprofileKvc6Qi"
*** You are running in headless mode.
console.info: MINT: Trying to use the system region (based on LANG).
console.info: MINT: System region is US
console.warn: SearchSettings: "get: No settings file exists, new profile?" (new Error("", "(unknown module)"))
1607109358320	Marionette	INFO	Listening on port 35577
1607109358381	Marionette	WARN	TLS certificate errors will be ignored for this session
console.info: MINT: Loading search-config defaults.
JavaScript error: resource://gre/modules/TelemetryUtils.jsm, line 161: TypeError: date is undefined
1607109372194	Marionette	INFO	Stopped listening on port 35577
1607109374070	mozrunner::runner	INFO	Running command: "/usr/bin/firefox" "-marionette" "-headless" "-foreground" "-no-remote" "-profile" "/tmp/rust_mozprofileAH5XR5"
*** You are running in headless mode.
console.info: MINT: Trying to use the system region (based on LANG).
console.info: MINT: System region is US
console.warn: SearchSettings: "get: No settings file exists, new profile?" (new Error("", "(unknown module)"))
1607109377395	Marionette	INFO	Listening on port 38201
1607109377551	Marionette	WARN	TLS certificate errors will be ignored for this session
console.info: MINT: Loading search-config defaults.
JavaScript error: resource://gre/modules/TelemetryUtils.jsm, line 161: TypeError: date is undefined
1607109391415	Marionette	INFO	Stopped listening on port 38201
1607109393275	mozrunner::runner	INFO	Running command: "/usr/bin/firefox" "-marionette" "-headless" "-foreground" "-no-remote" "-profile" "/tmp/rust_mozprofileYU28KW"
*** You are running in headless mode.
console.info: MINT: Trying to use the system region (based on LANG).
console.info: MINT: System region is US
console.warn: SearchSettings: "get: No settings file exists, new profile?" (new Error("", "(unknown module)"))
1607109397282	Marionette	INFO	Listening on port 40131
1607109397352	Marionette	WARN	TLS certificate errors will be ignored for this session
console.info: MINT: Loading search-config defaults.
JavaScript error: resource://gre/modules/TelemetryUtils.jsm, line 161: TypeError: date is undefined
console.info: MINT: main/search-config update being skipped
1607110289771	Marionette	INFO	Stopped listening on port 40131

###!!! [Child][RunMessage] Error: Channel closing: too late to send/recv, messages will be lost

1607110292873	mozrunner::runner	INFO	Running command: "/usr/bin/firefox" "-marionette" "-headless" "-foreground" "-no-remote" "-profile" "/tmp/rust_mozprofileBq9er1"
*** You are running in headless mode.
console.info: MINT: Trying to use the system region (based on LANG).
console.info: MINT: System region is US
console.warn: SearchSettings: "get: No settings file exists, new profile?" (new Error("", "(unknown module)"))
1607110299036	Marionette	INFO	Listening on port 37961
1607110299186	Marionette	WARN	TLS certificate errors will be ignored for this session
console.info: MINT: Loading search-config defaults.
JavaScript error: resource://gre/modules/TelemetryUtils.jsm, line 161: TypeError: date is undefined
1607110361959	Marionette	INFO	Stopped listening on port 37961
1607110363958	mozrunner::runner	INFO	Running command: "/usr/bin/firefox" "-marionette" "-headless" "-foreground" "-no-remote" "-profile" "/tmp/rust_mozprofile9QLmfV"
*** You are running in headless mode.
console.info: MINT: Trying to use the system region (based on LANG).
console.info: MINT: System region is US
console.warn: SearchSettings: "get: No settings file exists, new profile?" (new Error("", "(unknown module)"))
1607110367597	Marionette	INFO	Listening on port 40173
1607110367716	Marionette	WARN	TLS certificate errors will be ignored for this session
console.info: MINT: Loading search-config defaults.
JavaScript error: resource://gre/modules/TelemetryUtils.jsm, line 161: TypeError: date is undefined
1607110522984	Marionette	INFO	Stopped listening on port 40173

###!!! [Parent][RunMessage] Error: Channel closing: too late to send/recv, messages will be lost

1607110524922	mozrunner::runner	INFO	Running command: "/usr/bin/firefox" "-marionette" "-headless" "-foreground" "-no-remote" "-profile" "/tmp/rust_mozprofilee6sp7X"
*** You are running in headless mode.
console.info: MINT: Trying to use the system region (based on LANG).
console.info: MINT: System region is US
console.warn: SearchSettings: "get: No settings file exists, new profile?" (new Error("", "(unknown module)"))
1607110528135	Marionette	INFO	Listening on port 37349
1607110528302	Marionette	WARN	TLS certificate errors will be ignored for this session
console.info: MINT: Loading search-config defaults.
JavaScript error: resource://gre/modules/TelemetryUtils.jsm, line 161: TypeError: date is undefined
1607110759332	Marionette	INFO	Stopped listening on port 37349

###!!! [Parent][RunMessage] Error: Channel closing: too late to send/recv, messages will be lost

1607110761304	mozrunner::runner	INFO	Running command: "/usr/bin/firefox" "-marionette" "-headless" "-foreground" "-no-remote" "-profile" "/tmp/rust_mozprofileN6Mm2F"
*** You are running in headless mode.
console.info: MINT: Trying to use the system region (based on LANG).
console.info: MINT: System region is US
console.warn: SearchSettings: "get: No settings file exists, new profile?" (new Error("", "(unknown module)"))
1607110764612	Marionette	INFO	Listening on port 37933
1607110764743	Marionette	WARN	TLS certificate errors will be ignored for this session
console.info: MINT: Loading search-config defaults.
JavaScript error: resource://gre/modules/TelemetryUtils.jsm, line 161: TypeError: date is undefined
1607110873770	Marionette	INFO	Stopped listening on port 37933

###!!! [Parent][RunMessage] Error: Channel closing: too late to send/recv, messages will be lost

1607110875518	mozrunner::runner	INFO	Running command: "/usr/bin/firefox" "-marionette" "-headless" "-foreground" "-no-remote" "-profile" "/tmp/rust_mozprofileqmcagK"
*** You are running in headless mode.
console.info: MINT: Trying to use the system region (based on LANG).
console.info: MINT: System region is US
console.warn: SearchSettings: "get: No settings file exists, new profile?" (new Error("", "(unknown module)"))
1607110878867	Marionette	INFO	Listening on port 36281
1607110878960	Marionette	WARN	TLS certificate errors will be ignored for this session
console.info: MINT: Loading search-config defaults.
JavaScript error: resource://gre/modules/TelemetryUtils.jsm, line 161: TypeError: date is undefined
1607110979630	Marionette	INFO	Stopped listening on port 36281
1607110981377	mozrunner::runner	INFO	Running command: "/usr/bin/firefox" "-marionette" "-headless" "-foreground" "-no-remote" "-profile" "/tmp/rust_mozprofileKK2FnV"
*** You are running in headless mode.
console.info: MINT: Trying to use the system region (based on LANG).
console.info: MINT: System region is US
console.warn: SearchSettings: "get: No settings file exists, new profile?" (new Error("", "(unknown module)"))
1607110984736	Marionette	INFO	Listening on port 34097
1607110984820	Marionette	WARN	TLS certificate errors will be ignored for this session
console.info: MINT: Loading search-config defaults.
JavaScript error: resource://gre/modules/TelemetryUtils.jsm, line 161: TypeError: date is undefined
1607111311532	Marionette	INFO	Stopped listening on port 34097
1607111313590	mozrunner::runner	INFO	Running command: "/usr/bin/firefox" "-marionette" "-headless" "-foreground" "-no-remote" "-profile" "/tmp/rust_mozprofileQa47eD"
*** You are running in headless mode.
console.info: MINT: Trying to use the system region (based on LANG).
console.info: MINT: System region is US
console.warn: SearchSettings: "get: No settings file exists, new profile?" (new Error("", "(unknown module)"))
1607111316934	Marionette	INFO	Listening on port 43457
1607111317033	Marionette	WARN	TLS certificate errors will be ignored for this session
console.info: MINT: Loading search-config defaults.
JavaScript error: resource://gre/modules/TelemetryUtils.jsm, line 161: TypeError: date is undefined
console.info: MINT: main/search-config update being skipped
1607111679888	Marionette	INFO	Stopped listening on port 43457
1607111682157	mozrunner::runner	INFO	Running command: "/usr/bin/firefox" "-marionette" "-headless" "-foreground" "-no-remote" "-profile" "/tmp/rust_mozprofileVI1Lcv"
*** You are running in headless mode.
console.info: MINT: Trying to use the system region (based on LANG).
console.info: MINT: System region is US
console.warn: SearchSettings: "get: No settings file exists, new profile?" (new Error("", "(unknown module)"))
1607111685868	Marionette	INFO	Listening on port 43675
1607111686016	Marionette	WARN	TLS certificate errors will be ignored for this session
console.info: MINT: Loading search-config defaults.
JavaScript error: resource://gre/modules/TelemetryUtils.jsm, line 161: TypeError: date is undefined
1607111720055	Marionette	INFO	Stopped listening on port 43675

###!!! [Parent][RunMessage] Error: Channel closing: too late to send/recv, messages will be lost

1607111722347	mozrunner::runner	INFO	Running command: "/usr/bin/firefox" "-marionette" "-headless" "-foreground" "-no-remote" "-profile" "/tmp/rust_mozprofileu1BwFT"
*** You are running in headless mode.
console.info: MINT: Trying to use the system region (based on LANG).
console.info: MINT: System region is US
console.warn: SearchSettings: "get: No settings file exists, new profile?" (new Error("", "(unknown module)"))
1607111727366	Marionette	INFO	Listening on port 45011
1607111727448	Marionette	WARN	TLS certificate errors will be ignored for this session
console.info: MINT: Loading search-config defaults.
JavaScript error: resource://gre/modules/TelemetryUtils.jsm, line 161: TypeError: date is undefined

###!!! [Parent][RunMessage] Error: Channel closing: too late to send/recv, messages will be lost

console.info: MINT: main/search-config update being skipped
1607112631852	Marionette	INFO	Stopped listening on port 45011
1607112634826	mozrunner::runner	INFO	Running command: "/usr/bin/firefox" "-marionette" "-headless" "-foreground" "-no-remote" "-profile" "/tmp/rust_mozprofilejmBTMO"
*** You are running in headless mode.
console.info: MINT: Trying to use the system region (based on LANG).
console.info: MINT: System region is US
console.warn: SearchSettings: "get: No settings file exists, new profile?" (new Error("", "(unknown module)"))
1607112642124	Marionette	INFO	Listening on port 42675
1607112642197	Marionette	WARN	TLS certificate errors will be ignored for this session
console.info: MINT: Loading search-config defaults.
JavaScript error: resource://gre/modules/TelemetryUtils.jsm, line 161: TypeError: date is undefined
1607112797230	Marionette	INFO	Stopped listening on port 42675

###!!! [Parent][RunMessage] Error: Channel closing: too late to send/recv, messages will be lost

1607112799252	mozrunner::runner	INFO	Running command: "/usr/bin/firefox" "-marionette" "-headless" "-foreground" "-no-remote" "-profile" "/tmp/rust_mozprofile0wIwF0"
*** You are running in headless mode.
console.info: MINT: Trying to use the system region (based on LANG).
console.info: MINT: System region is US
console.warn: SearchSettings: "get: No settings file exists, new profile?" (new Error("", "(unknown module)"))
1607112803350	Marionette	INFO	Listening on port 40853
1607112803415	Marionette	WARN	TLS certificate errors will be ignored for this session
console.info: MINT: Loading search-config defaults.
JavaScript error: resource://gre/modules/TelemetryUtils.jsm, line 161: TypeError: date is undefined
1607112873128	Marionette	INFO	Stopped listening on port 40853
1607112875212	mozrunner::runner	INFO	Running command: "/usr/bin/firefox" "-marionette" "-headless" "-foreground" "-no-remote" "-profile" "/tmp/rust_mozprofileg8213V"
*** You are running in headless mode.
console.info: MINT: Trying to use the system region (based on LANG).
console.info: MINT: System region is US
console.warn: SearchSettings: "get: No settings file exists, new profile?" (new Error("", "(unknown module)"))
1607112878970	Marionette	INFO	Listening on port 40565
1607112879095	Marionette	WARN	TLS certificate errors will be ignored for this session
console.info: MINT: Loading search-config defaults.
JavaScript error: resource://gre/modules/TelemetryUtils.jsm, line 161: TypeError: date is undefined
console.info: MINT: main/search-config update being skipped
1607113801866	Marionette	INFO	Stopped listening on port 40565

###!!! [Parent][RunMessage] Error: Channel closing: too late to send/recv, messages will be lost

1607113804549	mozrunner::runner	INFO	Running command: "/usr/bin/firefox" "-marionette" "-headless" "-foreground" "-no-remote" "-profile" "/tmp/rust_mozprofilez9P5xa"
*** You are running in headless mode.
console.info: MINT: Trying to use the system region (based on LANG).
console.info: MINT: System region is US
console.warn: SearchSettings: "get: No settings file exists, new profile?" (new Error("", "(unknown module)"))
1607113810207	Marionette	INFO	Listening on port 34611
1607113810306	Marionette	WARN	TLS certificate errors will be ignored for this session
console.info: MINT: Loading search-config defaults.
JavaScript error: resource://gre/modules/TelemetryUtils.jsm, line 161: TypeError: date is undefined

###!!! [Parent][RunMessage] Error: Channel closing: too late to send/recv, messages will be lost

1607113998041	Marionette	INFO	Stopped listening on port 34611
1607114000071	mozrunner::runner	INFO	Running command: "/usr/bin/firefox" "-marionette" "-headless" "-foreground" "-no-remote" "-profile" "/tmp/rust_mozprofilearWxuK"
*** You are running in headless mode.
console.info: MINT: Trying to use the system region (based on LANG).
console.info: MINT: System region is US
console.warn: SearchSettings: "get: No settings file exists, new profile?" (new Error("", "(unknown module)"))
1607114003812	Marionette	INFO	Listening on port 39679
1607114003923	Marionette	WARN	TLS certificate errors will be ignored for this session
console.info: MINT: Loading search-config defaults.
JavaScript error: resource://gre/modules/TelemetryUtils.jsm, line 161: TypeError: date is undefined
console.info: MINT: main/search-config update being skipped
1607114532475	Marionette	INFO	Stopped listening on port 39679

###!!! [Parent][RunMessage] Error: Channel closing: too late to send/recv, messages will be lost

1607114534882	mozrunner::runner	INFO	Running command: "/usr/bin/firefox" "-marionette" "-headless" "-foreground" "-no-remote" "-profile" "/tmp/rust_mozprofileOYVkFd"
*** You are running in headless mode.
console.info: MINT: Trying to use the system region (based on LANG).
console.info: MINT: System region is US
console.warn: SearchSettings: "get: No settings file exists, new profile?" (new Error("", "(unknown module)"))
1607114538687	Marionette	INFO	Listening on port 35637
1607114538773	Marionette	WARN	TLS certificate errors will be ignored for this session
console.info: MINT: Loading search-config defaults.
JavaScript error: resource://gre/modules/TelemetryUtils.jsm, line 161: TypeError: date is undefined
1607114575287	Marionette	INFO	Stopped listening on port 35637
1607114577410	mozrunner::runner	INFO	Running command: "/usr/bin/firefox" "-marionette" "-headless" "-foreground" "-no-remote" "-profile" "/tmp/rust_mozprofilenCL0tb"
*** You are running in headless mode.
console.info: MINT: Trying to use the system region (based on LANG).
console.info: MINT: System region is US
console.warn: SearchSettings: "get: No settings file exists, new profile?" (new Error("", "(unknown module)"))
1607114581627	Marionette	INFO	Listening on port 40757
1607114581818	Marionette	WARN	TLS certificate errors will be ignored for this session
console.info: MINT: Loading search-config defaults.
JavaScript error: resource://gre/modules/TelemetryUtils.jsm, line 161: TypeError: date is undefined
console.info: MINT: main/search-config update being skipped
1607115484502	Marionette	INFO	Stopped listening on port 40757
1607115487207	mozrunner::runner	INFO	Running command: "/usr/bin/firefox" "-marionette" "-headless" "-foreground" "-no-remote" "-profile" "/tmp/rust_mozprofile6PEORQ"
*** You are running in headless mode.
console.info: MINT: Trying to use the system region (based on LANG).
console.info: MINT: System region is US
console.warn: SearchSettings: "get: No settings file exists, new profile?" (new Error("", "(unknown module)"))
1607115491925	Marionette	INFO	Listening on port 33159
1607115492061	Marionette	WARN	TLS certificate errors will be ignored for this session
console.info: MINT: Loading search-config defaults.
JavaScript error: resource://gre/modules/TelemetryUtils.jsm, line 161: TypeError: date is undefined
console.info: MINT: main/search-config update being skipped
1607116358540	Marionette	INFO	Stopped listening on port 33159
1607116361121	mozrunner::runner	INFO	Running command: "/usr/bin/firefox" "-marionette" "-headless" "-foreground" "-no-remote" "-profile" "/tmp/rust_mozprofileZ0oHeH"
*** You are running in headless mode.
console.info: MINT: Trying to use the system region (based on LANG).
console.info: MINT: System region is US
console.warn: SearchSettings: "get: No settings file exists, new profile?" (new Error("", "(unknown module)"))
1607116366341	Marionette	INFO	Listening on port 45939
1607116366697	Marionette	WARN	TLS certificate errors will be ignored for this session
console.info: MINT: Loading search-config defaults.
JavaScript error: resource://gre/modules/TelemetryUtils.jsm, line 161: TypeError: date is undefined
1607116484506	Marionette	INFO	Stopped listening on port 45939
1607116486371	mozrunner::runner	INFO	Running command: "/usr/bin/firefox" "-marionette" "-headless" "-foreground" "-no-remote" "-profile" "/tmp/rust_mozprofileuI7jHE"
*** You are running in headless mode.
console.info: MINT: Trying to use the system region (based on LANG).
console.info: MINT: System region is US
console.warn: SearchSettings: "get: No settings file exists, new profile?" (new Error("", "(unknown module)"))
1607116490176	Marionette	INFO	Listening on port 43603
1607116490224	Marionette	WARN	TLS certificate errors will be ignored for this session
console.info: MINT: Loading search-config defaults.
JavaScript error: resource://gre/modules/TelemetryUtils.jsm, line 161: TypeError: date is undefined
1607116508279	Marionette	INFO	Stopped listening on port 43603

###!!! [Parent][RunMessage] Error: Channel closing: too late to send/recv, messages will be lost

1607116510436	mozrunner::runner	INFO	Running command: "/usr/bin/firefox" "-marionette" "-headless" "-foreground" "-no-remote" "-profile" "/tmp/rust_mozprofilegmo1cb"
*** You are running in headless mode.
console.info: MINT: Trying to use the system region (based on LANG).
console.info: MINT: System region is US
console.warn: SearchSettings: "get: No settings file exists, new profile?" (new Error("", "(unknown module)"))
1607116513637	Marionette	INFO	Listening on port 37871
1607116513684	Marionette	WARN	TLS certificate errors will be ignored for this session
console.info: MINT: Loading search-config defaults.
JavaScript error: resource://gre/modules/TelemetryUtils.jsm, line 161: TypeError: date is undefined
console.info: MINT: main/search-config update being skipped
1607117292438	Marionette	INFO	Stopped listening on port 37871
JavaScript error: https://www.youtube.com/s/desktop/80e4974c/jsbin/scheduler.vflset/scheduler.js, line 35: NS_ERROR_NOT_INITIALIZED: 

###!!! [Child][RunMessage] Error: Channel closing: too late to send/recv, messages will be lost


###!!! [Child][RunMessage] Error: Channel closing: too late to send/recv, messages will be lost


###!!! [Child][RunMessage] Error: Channel closing: too late to send/recv, messages will be lost


###!!! [Child][RunMessage] Error: Channel closing: too late to send/recv, messages will be lost


###!!! [Parent][RunMessage] Error: Channel closing: too late to send/recv, messages will be lost

1607117295036	mozrunner::runner	INFO	Running command: "/usr/bin/firefox" "-marionette" "-headless" "-foreground" "-no-remote" "-profile" "/tmp/rust_mozprofilenVqgqT"
*** You are running in headless mode.
console.info: MINT: Trying to use the system region (based on LANG).
console.info: MINT: System region is US
console.warn: SearchSettings: "get: No settings file exists, new profile?" (new Error("", "(unknown module)"))
1607117298269	Marionette	INFO	Listening on port 34083
1607117298382	Marionette	WARN	TLS certificate errors will be ignored for this session
console.info: MINT: Loading search-config defaults.
JavaScript error: resource://gre/modules/TelemetryUtils.jsm, line 161: TypeError: date is undefined
1607117375062	Marionette	INFO	Stopped listening on port 34083
1607117376820	mozrunner::runner	INFO	Running command: "/usr/bin/firefox" "-marionette" "-headless" "-foreground" "-no-remote" "-profile" "/tmp/rust_mozprofile575Z5t"
*** You are running in headless mode.
console.info: MINT: Trying to use the system region (based on LANG).
console.info: MINT: System region is US
console.warn: SearchSettings: "get: No settings file exists, new profile?" (new Error("", "(unknown module)"))
1607117379848	Marionette	INFO	Listening on port 37537
1607117379968	Marionette	WARN	TLS certificate errors will be ignored for this session
console.info: MINT: Loading search-config defaults.
JavaScript error: resource://gre/modules/TelemetryUtils.jsm, line 161: TypeError: date is undefined
1607117415841	Marionette	INFO	Stopped listening on port 37537

###!!! [Parent][RunMessage] Error: Channel closing: too late to send/recv, messages will be lost

1607117417736	mozrunner::runner	INFO	Running command: "/usr/bin/firefox" "-marionette" "-headless" "-foreground" "-no-remote" "-profile" "/tmp/rust_mozprofilerUJ1ky"
*** You are running in headless mode.
console.info: MINT: Trying to use the system region (based on LANG).
console.info: MINT: System region is US
console.warn: SearchSettings: "get: No settings file exists, new profile?" (new Error("", "(unknown module)"))
1607117420810	Marionette	INFO	Listening on port 41485
1607117420878	Marionette	WARN	TLS certificate errors will be ignored for this session
console.info: MINT: Loading search-config defaults.
JavaScript error: resource://gre/modules/TelemetryUtils.jsm, line 161: TypeError: date is undefined
1607117462720	Marionette	INFO	Stopped listening on port 41485
1607117464793	mozrunner::runner	INFO	Running command: "/usr/bin/firefox" "-marionette" "-headless" "-foreground" "-no-remote" "-profile" "/tmp/rust_mozprofilefD5lHv"
*** You are running in headless mode.
console.info: MINT: Trying to use the system region (based on LANG).
console.info: MINT: System region is US
console.warn: SearchSettings: "get: No settings file exists, new profile?" (new Error("", "(unknown module)"))
1607117467954	Marionette	INFO	Listening on port 39475
1607117468042	Marionette	WARN	TLS certificate errors will be ignored for this session
console.info: MINT: Loading search-config defaults.
JavaScript error: resource://gre/modules/TelemetryUtils.jsm, line 161: TypeError: date is undefined
console.info: MINT: main/search-config update being skipped
1607117899711	Marionette	INFO	Stopped listening on port 39475
1607117901782	mozrunner::runner	INFO	Running command: "/usr/bin/firefox" "-marionette" "-headless" "-foreground" "-no-remote" "-profile" "/tmp/rust_mozprofileakr6dg"
*** You are running in headless mode.
console.info: MINT: Trying to use the system region (based on LANG).
console.info: MINT: System region is US
console.warn: SearchSettings: "get: No settings file exists, new profile?" (new Error("", "(unknown module)"))
1607117904835	Marionette	INFO	Listening on port 38269
1607117904951	Marionette	WARN	TLS certificate errors will be ignored for this session
console.info: MINT: Loading search-config defaults.
JavaScript error: resource://gre/modules/TelemetryUtils.jsm, line 161: TypeError: date is undefined
1607117941105	Marionette	INFO	Stopped listening on port 38269
1607117943014	mozrunner::runner	INFO	Running command: "/usr/bin/firefox" "-marionette" "-headless" "-foreground" "-no-remote" "-profile" "/tmp/rust_mozprofile49R4wE"
*** You are running in headless mode.
console.info: MINT: Trying to use the system region (based on LANG).
console.info: MINT: System region is US
console.warn: SearchSettings: "get: No settings file exists, new profile?" (new Error("", "(unknown module)"))
1607117946558	Marionette	INFO	Listening on port 36759
1607117946661	Marionette	WARN	TLS certificate errors will be ignored for this session
console.info: MINT: Loading search-config defaults.
JavaScript error: resource://gre/modules/TelemetryUtils.jsm, line 161: TypeError: date is undefined
1607117987671	Marionette	INFO	Stopped listening on port 36759

###!!! [Parent][RunMessage] Error: Channel closing: too late to send/recv, messages will be lost

1607117991473	mozrunner::runner	INFO	Running command: "/usr/bin/firefox" "-marionette" "-headless" "-foreground" "-no-remote" "-profile" "/tmp/rust_mozprofile45PAk2"
*** You are running in headless mode.
console.info: MINT: Trying to use the system region (based on LANG).
console.info: MINT: System region is US
console.warn: SearchSettings: "get: No settings file exists, new profile?" (new Error("", "(unknown module)"))
1607117994672	Marionette	INFO	Listening on port 32955
1607117994758	Marionette	WARN	TLS certificate errors will be ignored for this session
console.info: MINT: Loading search-config defaults.
JavaScript error: resource://gre/modules/TelemetryUtils.jsm, line 161: TypeError: date is undefined
1607118012541	Marionette	INFO	Stopped listening on port 32955
1607118014837	mozrunner::runner	INFO	Running command: "/usr/bin/firefox" "-marionette" "-headless" "-foreground" "-no-remote" "-profile" "/tmp/rust_mozprofileETlCJZ"
*** You are running in headless mode.
console.info: MINT: Trying to use the system region (based on LANG).
console.info: MINT: System region is US
console.warn: SearchSettings: "get: No settings file exists, new profile?" (new Error("", "(unknown module)"))
1607118018096	Marionette	INFO	Listening on port 38665
1607118018186	Marionette	WARN	TLS certificate errors will be ignored for this session
console.info: MINT: Loading search-config defaults.
JavaScript error: resource://gre/modules/TelemetryUtils.jsm, line 161: TypeError: date is undefined
1607118041023	Marionette	INFO	Stopped listening on port 38665

###!!! [Parent][RunMessage] Error: Channel closing: too late to send/recv, messages will be lost


###!!! [Parent][RunMessage] Error: Channel closing: too late to send/recv, messages will be lost


###!!! [Parent][RunMessage] Error: Channel closing: too late to send/recv, messages will be lost


###!!! [Parent][RunMessage] Error: Channel closing: too late to send/recv, messages will be lost

1607118043027	mozrunner::runner	INFO	Running command: "/usr/bin/firefox" "-marionette" "-headless" "-foreground" "-no-remote" "-profile" "/tmp/rust_mozprofileLe6qmu"
*** You are running in headless mode.
console.info: MINT: Trying to use the system region (based on LANG).
console.info: MINT: System region is US
console.warn: SearchSettings: "get: No settings file exists, new profile?" (new Error("", "(unknown module)"))
1607118046411	Marionette	INFO	Listening on port 40847
1607118046469	Marionette	WARN	TLS certificate errors will be ignored for this session
console.info: MINT: Loading search-config defaults.
JavaScript error: resource://gre/modules/TelemetryUtils.jsm, line 161: TypeError: date is undefined
1607118188165	Marionette	INFO	Stopped listening on port 40847
1607118190083	mozrunner::runner	INFO	Running command: "/usr/bin/firefox" "-marionette" "-headless" "-foreground" "-no-remote" "-profile" "/tmp/rust_mozprofileqJwMSD"
*** You are running in headless mode.
console.info: MINT: Trying to use the system region (based on LANG).
console.info: MINT: System region is US
console.warn: SearchSettings: "get: No settings file exists, new profile?" (new Error("", "(unknown module)"))
1607118193227	Marionette	INFO	Listening on port 35405
1607118193333	Marionette	WARN	TLS certificate errors will be ignored for this session
console.info: MINT: Loading search-config defaults.
JavaScript error: resource://gre/modules/TelemetryUtils.jsm, line 161: TypeError: date is undefined
console.info: MINT: main/search-config update being skipped
1607118983908	Marionette	INFO	Stopped listening on port 35405

###!!! [Parent][RunMessage] Error: Channel closing: too late to send/recv, messages will be lost

1607118986465	mozrunner::runner	INFO	Running command: "/usr/bin/firefox" "-marionette" "-headless" "-foreground" "-no-remote" "-profile" "/tmp/rust_mozprofilelzlOis"
*** You are running in headless mode.
console.info: MINT: Trying to use the system region (based on LANG).
console.info: MINT: System region is US
console.warn: SearchSettings: "get: No settings file exists, new profile?" (new Error("", "(unknown module)"))
1607118989572	Marionette	INFO	Listening on port 37859
1607118989703	Marionette	WARN	TLS certificate errors will be ignored for this session
console.info: MINT: Loading search-config defaults.
JavaScript error: resource://gre/modules/TelemetryUtils.jsm, line 161: TypeError: date is undefined
console.info: MINT: main/search-config update being skipped
1607119778124	Marionette	INFO	Stopped listening on port 37859

###!!! [Parent][RunMessage] Error: Channel closing: too late to send/recv, messages will be lost

1607119780508	mozrunner::runner	INFO	Running command: "/usr/bin/firefox" "-marionette" "-headless" "-foreground" "-no-remote" "-profile" "/tmp/rust_mozprofilexHO2Bl"
*** You are running in headless mode.
console.info: MINT: Trying to use the system region (based on LANG).
console.info: MINT: System region is US
console.warn: SearchSettings: "get: No settings file exists, new profile?" (new Error("", "(unknown module)"))
1607119783687	Marionette	INFO	Listening on port 37441
1607119783747	Marionette	WARN	TLS certificate errors will be ignored for this session
console.info: MINT: Loading search-config defaults.
JavaScript error: resource://gre/modules/TelemetryUtils.jsm, line 161: TypeError: date is undefined
1607119800684	Marionette	INFO	Stopped listening on port 37441
1607119802640	mozrunner::runner	INFO	Running command: "/usr/bin/firefox" "-marionette" "-headless" "-foreground" "-no-remote" "-profile" "/tmp/rust_mozprofilejkeL16"
*** You are running in headless mode.
console.info: MINT: Trying to use the system region (based on LANG).
console.info: MINT: System region is US
console.warn: SearchSettings: "get: No settings file exists, new profile?" (new Error("", "(unknown module)"))
1607119805819	Marionette	INFO	Listening on port 39963
1607119805887	Marionette	WARN	TLS certificate errors will be ignored for this session
console.info: MINT: Loading search-config defaults.
JavaScript error: resource://gre/modules/TelemetryUtils.jsm, line 161: TypeError: date is undefined
1607119825472	Marionette	INFO	Stopped listening on port 39963
1607119827416	mozrunner::runner	INFO	Running command: "/usr/bin/firefox" "-marionette" "-headless" "-foreground" "-no-remote" "-profile" "/tmp/rust_mozprofileW3t4as"
*** You are running in headless mode.
console.info: MINT: Trying to use the system region (based on LANG).
console.info: MINT: System region is US
console.warn: SearchSettings: "get: No settings file exists, new profile?" (new Error("", "(unknown module)"))
1607119831153	Marionette	INFO	Listening on port 35603
1607119831269	Marionette	WARN	TLS certificate errors will be ignored for this session
console.info: MINT: Loading search-config defaults.
JavaScript error: resource://gre/modules/TelemetryUtils.jsm, line 161: TypeError: date is undefined
1607119849289	Marionette	INFO	Stopped listening on port 35603
1607119851271	mozrunner::runner	INFO	Running command: "/usr/bin/firefox" "-marionette" "-headless" "-foreground" "-no-remote" "-profile" "/tmp/rust_mozprofile7MQXKs"
*** You are running in headless mode.
console.info: MINT: Trying to use the system region (based on LANG).
console.info: MINT: System region is US
console.warn: SearchSettings: "get: No settings file exists, new profile?" (new Error("", "(unknown module)"))
1607119855582	Marionette	INFO	Listening on port 39701
1607119855711	Marionette	WARN	TLS certificate errors will be ignored for this session
console.info: MINT: Loading search-config defaults.
JavaScript error: resource://gre/modules/TelemetryUtils.jsm, line 161: TypeError: date is undefined
1607119954071	Marionette	INFO	Stopped listening on port 39701
1607119955814	mozrunner::runner	INFO	Running command: "/usr/bin/firefox" "-marionette" "-headless" "-foreground" "-no-remote" "-profile" "/tmp/rust_mozprofileQf1oMY"
*** You are running in headless mode.
console.info: MINT: Trying to use the system region (based on LANG).
console.info: MINT: System region is US
console.warn: SearchSettings: "get: No settings file exists, new profile?" (new Error("", "(unknown module)"))
1607119959094	Marionette	INFO	Listening on port 36227
1607119959211	Marionette	WARN	TLS certificate errors will be ignored for this session
console.info: MINT: Loading search-config defaults.
JavaScript error: resource://gre/modules/TelemetryUtils.jsm, line 161: TypeError: date is undefined
1607119979909	Marionette	INFO	Stopped listening on port 36227

###!!! [Parent][RunMessage] Error: Channel closing: too late to send/recv, messages will be lost

1607119981769	mozrunner::runner	INFO	Running command: "/usr/bin/firefox" "-marionette" "-headless" "-foreground" "-no-remote" "-profile" "/tmp/rust_mozprofile8KZiiD"
*** You are running in headless mode.
console.info: MINT: Trying to use the system region (based on LANG).
console.info: MINT: System region is US
console.warn: SearchSettings: "get: No settings file exists, new profile?" (new Error("", "(unknown module)"))
1607119984887	Marionette	INFO	Listening on port 42561
1607119985021	Marionette	WARN	TLS certificate errors will be ignored for this session
console.info: MINT: Loading search-config defaults.
JavaScript error: resource://gre/modules/TelemetryUtils.jsm, line 161: TypeError: date is undefined
1607120014343	Marionette	INFO	Stopped listening on port 42561
1607120016203	mozrunner::runner	INFO	Running command: "/usr/bin/firefox" "-marionette" "-headless" "-foreground" "-no-remote" "-profile" "/tmp/rust_mozprofileLKIweM"
*** You are running in headless mode.
console.info: MINT: Trying to use the system region (based on LANG).
console.info: MINT: System region is US
console.warn: SearchSettings: "get: No settings file exists, new profile?" (new Error("", "(unknown module)"))
1607120019529	Marionette	INFO	Listening on port 44053
1607120019641	Marionette	WARN	TLS certificate errors will be ignored for this session
console.info: MINT: Loading search-config defaults.
JavaScript error: resource://gre/modules/TelemetryUtils.jsm, line 161: TypeError: date is undefined
1607120072410	Marionette	INFO	Stopped listening on port 44053
